<?xml version="1.0" encoding="UTF-8"?>
<!-- Generated by org.testng.reporters.JUnitReportReporter -->
<testsuite skipped="0" hostname="casp19083-PC" name="firsttestngpackage.RegisterCabilyex" tests="9" failures="0" timestamp="2020-03-07T18:36:44 IST" time="40.588" errors="0">
  <testcase name="Singup1" time="4.984" classname="firsttestngpackage.RegisterCabilyex"/>
  <testcase name="Validation" time="3.219" classname="firsttestngpackage.RegisterCabilyex"/>
  <testcase name="Singup2" time="7.701" classname="firsttestngpackage.RegisterCabilyex"/>
  <testcase name="Validation1" time="2.471" classname="firsttestngpackage.RegisterCabilyex"/>
  <testcase name="Singup3" time="7.652" classname="firsttestngpackage.RegisterCabilyex"/>
  <testcase name="Validation2" time="2.450" classname="firsttestngpackage.RegisterCabilyex"/>
  <testcase name="Singup4" time="7.520" classname="firsttestngpackage.RegisterCabilyex"/>
  <testcase name="Validation3" time="3.183" classname="firsttestngpackage.RegisterCabilyex"/>
  <testcase name="Validation4" time="1.408" classname="firsttestngpackage.RegisterCabilyex"/>
</testsuite> <!-- firsttestngpackage.RegisterCabilyex -->
