<?xml version="1.0" encoding="UTF-8"?>
<!-- Generated by org.testng.reporters.JUnitReportReporter -->
<testsuite skipped="0" hostname="casp19083-PC" name="firsttestngpackage.Excabily" tests="1" failures="0" timestamp="2020-03-09T18:52:28 IST" time="8.936" errors="0">
  <testcase name="testcase" time="8.936" classname="firsttestngpackage.Excabily"/>
</testsuite> <!-- firsttestngpackage.Excabily -->
