<?xml version="1.0" encoding="UTF-8"?>
<!-- Generated by org.testng.reporters.JUnitReportReporter -->
<testsuite skipped="0" hostname="casp19083-PC" name="firsttestngpackage.Registercabily" tests="4" failures="0" timestamp="2020-03-13T18:44:57 IST" time="33.719" errors="0">
  <testcase name="Testcase" time="5.848" classname="firsttestngpackage.Registercabily"/>
  <testcase name="Testcase1" time="5.629" classname="firsttestngpackage.Registercabily"/>
  <testcase name="Testcase2" time="11.304" classname="firsttestngpackage.Registercabily"/>
  <testcase name="Testcase3" time="10.938" classname="firsttestngpackage.Registercabily"/>
</testsuite> <!-- firsttestngpackage.Registercabily -->
