<?xml version="1.0" encoding="UTF-8"?>
<!-- Generated by org.testng.reporters.JUnitReportReporter -->
<testsuite skipped="0" hostname="casp19083-PC" name="Logintesting.TC_01positive" tests="1" failures="0" timestamp="2020-03-20T14:52:53 IST" time="5.628" errors="0">
  <testcase name="Testcase" time="5.628" classname="Logintesting.TC_01positive"/>
</testsuite> <!-- Logintesting.TC_01positive -->
