<?xml version="1.0" encoding="UTF-8"?>
<!-- Generated by org.testng.reporters.JUnitReportReporter -->
<testsuite skipped="0" hostname="casp19083-PC" name="firsttestngpackage.Singup1cabily" tests="2" failures="0" timestamp="2020-03-06T16:05:42 IST" time="6.232" errors="0">
  <testcase name="FirstnameNegative1" time="2.502" classname="firsttestngpackage.Singup1cabily"/>
  <testcase name="FirstnameNegative" time="3.730" classname="firsttestngpackage.Singup1cabily"/>
</testsuite> <!-- firsttestngpackage.Singup1cabily -->
