<?xml version="1.0" encoding="UTF-8"?>
<!-- Generated by org.testng.reporters.JUnitReportReporter -->
<testsuite skipped="0" hostname="casp19083-PC" name="firsttestngpackage.PetServices" tests="1" failures="0" timestamp="2020-03-06T17:36:41 IST" time="9.427" errors="0">
  <testcase name="f" time="9.427" classname="firsttestngpackage.PetServices"/>
</testsuite> <!-- firsttestngpackage.PetServices -->
