<?xml version="1.0" encoding="UTF-8"?>
<!-- Generated by org.testng.reporters.JUnitReportReporter -->
<testsuite skipped="0" hostname="casp19083-PC" name="firsttestngpackage.Singup3cabily" tests="2" failures="0" timestamp="2020-03-06T16:07:33 IST" time="8.254" errors="0">
  <testcase name="LastnameNegative" time="4.609" classname="firsttestngpackage.Singup3cabily"/>
  <testcase name="LastnameNegative1" time="3.645" classname="firsttestngpackage.Singup3cabily"/>
</testsuite> <!-- firsttestngpackage.Singup3cabily -->
