<?xml version="1.0" encoding="UTF-8"?>
<!-- Generated by org.testng.reporters.JUnitReportReporter -->
<testsuite skipped="0" hostname="casp19083-PC" name="firsttestngpackage.SingupcabilyEx" tests="4" failures="0" timestamp="2020-03-06T16:12:53 IST" time="37.689" errors="0">
  <testcase name="register3" time="11.727" classname="firsttestngpackage.SingupcabilyEx"/>
  <testcase name="register2" time="10.746" classname="firsttestngpackage.SingupcabilyEx"/>
  <testcase name="register" time="4.459" classname="firsttestngpackage.SingupcabilyEx"/>
  <testcase name="register1" time="10.757" classname="firsttestngpackage.SingupcabilyEx"/>
</testsuite> <!-- firsttestngpackage.SingupcabilyEx -->
