<?xml version="1.0" encoding="UTF-8"?>
<!-- Generated by org.testng.reporters.JUnitReportReporter -->
<testsuite skipped="0" hostname="casp19083-PC" name="firsttestngpackage.Afsalcap" tests="2" failures="0" timestamp="2020-03-02T18:50:18 IST" time="21.114" errors="0">
  <testcase name="testingCabily" time="14.344" classname="firsttestngpackage.Afsalcap"/>
  <testcase name="testcase" time="6.770" classname="firsttestngpackage.Afsalcap"/>
</testsuite> <!-- firsttestngpackage.Afsalcap -->
