<?xml version="1.0" encoding="UTF-8"?>
<!-- Generated by org.testng.reporters.JUnitReportReporter -->
<testsuite skipped="0" hostname="casp19083-PC" name="firsttestngpackage.JSexample" tests="1" failures="0" timestamp="2020-03-20T17:37:25 IST" time="1.606" errors="0">
  <testcase name="JSexecute" time="1.606" classname="firsttestngpackage.JSexample"/>
</testsuite> <!-- firsttestngpackage.JSexample -->
