<?xml version="1.0" encoding="UTF-8"?>
<!-- Generated by org.testng.reporters.JUnitReportReporter -->
<testsuite skipped="0" hostname="casp19083-PC" name="firsttestngpackage.SingupCabily" tests="4" failures="0" timestamp="2020-03-05T18:41:19 IST" time="37.786" errors="0">
  <testcase name="register3" time="11.740" classname="firsttestngpackage.SingupCabily"/>
  <testcase name="register2" time="10.753" classname="firsttestngpackage.SingupCabily"/>
  <testcase name="register" time="4.517" classname="firsttestngpackage.SingupCabily"/>
  <testcase name="register1" time="10.776" classname="firsttestngpackage.SingupCabily"/>
</testsuite> <!-- firsttestngpackage.SingupCabily -->
