<?xml version="1.0" encoding="UTF-8"?>
<!-- Generated by org.testng.reporters.JUnitReportReporter -->
<testsuite skipped="0" hostname="casp19083-PC" name="firsttestngpackage.Register1cably" tests="1" failures="0" timestamp="2020-03-18T15:19:32 IST" time="33.175" errors="0">
  <testcase name="TC_01" time="33.175" classname="firsttestngpackage.Register1cably"/>
</testsuite> <!-- firsttestngpackage.Register1cably -->
