<?xml version="1.0" encoding="UTF-8"?>
<!-- Generated by org.testng.reporters.JUnitReportReporter -->
<testsuite skipped="0" hostname="casp19083-PC" name="RetryTestNg.Testcase2" tests="1" failures="0" timestamp="2020-03-20T12:43:40 IST" time="0.002" errors="0">
  <testcase name="testWordPress" time="0.002" classname="RetryTestNg.Testcase2"/>
</testsuite> <!-- RetryTestNg.Testcase2 -->
