<?xml version="1.0" encoding="UTF-8"?>
<!-- Generated by org.testng.reporters.JUnitReportReporter -->
<testsuite skipped="0" hostname="casp19083-PC" name="firsttestngpackage.CabilyExcelvalid" tests="2" failures="0" timestamp="2020-03-12T10:52:42 IST" time="33.881" errors="0">
  <testcase name="Cabilyregister" time="22.054" classname="firsttestngpackage.CabilyExcelvalid"/>
  <testcase name="Cabilyregister1" time="11.827" classname="firsttestngpackage.CabilyExcelvalid"/>
</testsuite> <!-- firsttestngpackage.CabilyExcelvalid -->
