<?xml version="1.0" encoding="UTF-8"?>
<!-- Generated by org.testng.reporters.JUnitReportReporter -->
<testsuite skipped="0" hostname="casp19083-PC" name="Logintesting.TC_04LOGOtest" tests="1" failures="0" timestamp="2020-03-20T18:56:05 IST" time="5.230" errors="0">
  <testcase name="Testcase" time="5.230" classname="Logintesting.TC_04LOGOtest"/>
</testsuite> <!-- Logintesting.TC_04LOGOtest -->
