<?xml version="1.0" encoding="UTF-8"?>
<!-- Generated by org.testng.reporters.JUnitReportReporter -->
<testsuite skipped="0" hostname="casp19083-PC" name="firsttestngpackage.Singup4cabily" tests="1" failures="0" timestamp="2020-03-06T16:11:09 IST" time="12.090" errors="0">
  <testcase name="referralcodeNegative" time="12.090" classname="firsttestngpackage.Singup4cabily"/>
</testsuite> <!-- firsttestngpackage.Singup4cabily -->
