<?xml version="1.0" encoding="UTF-8"?>
<!-- Generated by org.testng.reporters.JUnitReportReporter -->
<testsuite skipped="0" hostname="casp19083-PC" name="Logintesting.TC_03Negative" tests="1" failures="0" timestamp="2020-03-20T18:24:59 IST" time="24.181" errors="0">
  <testcase name="Testcase" time="24.181" classname="Logintesting.TC_03Negative"/>
</testsuite> <!-- Logintesting.TC_03Negative -->
