<?xml version="1.0" encoding="UTF-8"?>
<!-- Generated by org.testng.reporters.JUnitReportReporter -->
<testsuite skipped="0" hostname="casp19083-PC" name="firsttestngpackage.CabilydrivTestNG" tests="13" failures="0" timestamp="2020-03-03T16:14:40 IST" time="239.706" errors="0">
  <testcase name="login" time="11.863" classname="firsttestngpackage.CabilydrivTestNG"/>
  <testcase name="register" time="10.505" classname="firsttestngpackage.CabilydrivTestNG"/>
  <testcase name="register1" time="5.754" classname="firsttestngpackage.CabilydrivTestNG"/>
  <testcase name="register2" time="18.397" classname="firsttestngpackage.CabilydrivTestNG"/>
  <testcase name="register3" time="36.112" classname="firsttestngpackage.CabilydrivTestNG"/>
  <testcase name="register4" time="22.190" classname="firsttestngpackage.CabilydrivTestNG"/>
  <testcase name="register5" time="41.572" classname="firsttestngpackage.CabilydrivTestNG"/>
  <testcase name="cabily" time="14.746" classname="firsttestngpackage.CabilydrivTestNG"/>
  <testcase name="cabily1" time="15.044" classname="firsttestngpackage.CabilydrivTestNG"/>
  <testcase name="cabily2" time="22.699" classname="firsttestngpackage.CabilydrivTestNG"/>
  <testcase name="cabily3" time="8.065" classname="firsttestngpackage.CabilydrivTestNG"/>
  <testcase name="cabily4" time="6.949" classname="firsttestngpackage.CabilydrivTestNG"/>
  <testcase name="cabily5" time="25.810" classname="firsttestngpackage.CabilydrivTestNG"/>
</testsuite> <!-- firsttestngpackage.CabilydrivTestNG -->
