<?xml version="1.0" encoding="UTF-8"?>
<!-- Generated by org.testng.reporters.JUnitReportReporter -->
<testsuite skipped="0" hostname="casp19083-PC" name="Logintesting.TC_02LogoutMessage" tests="2" failures="0" timestamp="2020-03-20T15:33:13 IST" time="8.699" errors="0">
  <testcase name="Testcase" time="5.133" classname="Logintesting.TC_02LogoutMessage"/>
  <testcase name="Testcase1" time="3.566" classname="Logintesting.TC_02LogoutMessage"/>
</testsuite> <!-- Logintesting.TC_02LogoutMessage -->
