<?xml version="1.0" encoding="UTF-8"?>
<!-- Generated by org.testng.reporters.JUnitReportReporter -->
<testsuite skipped="0" hostname="casp19083-PC" name="firsttestngpackage.NewCabilyFile" tests="1" failures="0" timestamp="2020-02-24T13:38:11 IST" time="13.876" errors="0">
  <testcase name="f" time="13.876" classname="firsttestngpackage.NewCabilyFile"/>
</testsuite> <!-- firsttestngpackage.NewCabilyFile -->
