<?xml version="1.0" encoding="UTF-8"?>
<!-- Generated by org.testng.reporters.JUnitReportReporter -->
<testsuite skipped="0" hostname="casp19083-PC" name="firsttestngpackage.Validationcabily" tests="3" failures="0" timestamp="2020-03-09T18:26:29 IST" time="28.132" errors="0">
  <testcase name="testcase" time="9.480" classname="firsttestngpackage.Validationcabily"/>
  <testcase name="testcase" time="9.589" classname="firsttestngpackage.Validationcabily"/>
  <testcase name="testcase" time="9.063" classname="firsttestngpackage.Validationcabily"/>
</testsuite> <!-- firsttestngpackage.Validationcabily -->
